<?xml version="1.0" encoding="UTF-8"?>
<!-- Generated by org.testng.reporters.JUnitReportReporter -->
<testsuite hostname="DESKTOP-PSE4TJ8" failures="0" tests="1" name="com.poly.SearchDetailControllerTest" time="1.143" errors="0" timestamp="2021-05-06T18:46:33 ICT" skipped="0">
  <testcase classname="com.poly.SearchDetailControllerTest" name="singleResultTest" time="1.143"/>
  <system-out/>
</testsuite> <!-- com.poly.SearchDetailControllerTest -->
